<?xml version="1.0" encoding="UTF-8" ?>
<testsuite errors="0" failures="0" hostname="Faturamento" name="siseventoscientificos.PessoaControllerTests" tests="1" time="2.024" timestamp="2012-07-31T17:35:35">
  <properties />
  <testcase classname="siseventoscientificos.PessoaControllerTests" name="testSomething" time="2.008" />
  <system-out><![CDATA[--Output from testSomething--
]]></system-out>
  <system-err><![CDATA[--Output from testSomething--
]]></system-err>
</testsuite>
