<?xml version="1.0" encoding="UTF-8" ?>
<testsuite errors="0" failures="0" hostname="Faturamento" name="siseventoscientificos.PessoaTests" tests="1" time="0.016" timestamp="2012-07-31T17:35:38">
  <properties />
  <testcase classname="siseventoscientificos.PessoaTests" name="testSomething" time="0.0" />
  <system-out><![CDATA[--Output from testSomething--
]]></system-out>
  <system-err><![CDATA[--Output from testSomething--
]]></system-err>
</testsuite>
